Info: Starting: Create block symbol file (.bsf)
Info: qsys-generate /home/thh/test_quartus/Proj_SoPC/system.qsys --block-symbol-file --output-directory=/home/thh/test_quartus/Proj_SoPC/system --family="Cyclone IV E" --part=EP4CE115F29C7
Progress: Loading Proj_SoPC/system.qsys
Progress: Reading input file
Progress: Adding clock [clock_source 20.1]
Progress: Parameterizing module clock
Progress: Adding jtag_uart_0 [altera_avalon_jtag_uart 20.1]
Progress: Parameterizing module jtag_uart_0
Progress: Adding klein64_0 [klein64 1.0]
Progress: Parameterizing module klein64_0
Progress: Adding nios2_gen2_0 [altera_nios2_gen2 20.1]
Progress: Parameterizing module nios2_gen2_0
Progress: Adding onchip_memory2_0 [altera_avalon_onchip_memory2 20.1]
Progress: Parameterizing module onchip_memory2_0
Progress: Building connections
Progress: Parameterizing connections
Progress: Validating
Progress: Done reading input file
Info: system.jtag_uart_0: JTAG UART IP input clock need to be at least double (2x) the operating frequency of JTAG TCK on board
Info: qsys-generate succeeded.
Info: Finished: Create block symbol file (.bsf)
Info: 
Info: Starting: Create HDL design files for synthesis
Info: qsys-generate /home/thh/test_quartus/Proj_SoPC/system.qsys --synthesis=VERILOG --output-directory=/home/thh/test_quartus/Proj_SoPC/system/synthesis --family="Cyclone IV E" --part=EP4CE115F29C7
Progress: Loading Proj_SoPC/system.qsys
Progress: Reading input file
Progress: Adding clock [clock_source 20.1]
Progress: Parameterizing module clock
Progress: Adding jtag_uart_0 [altera_avalon_jtag_uart 20.1]
Progress: Parameterizing module jtag_uart_0
Progress: Adding klein64_0 [klein64 1.0]
Progress: Parameterizing module klein64_0
Progress: Adding nios2_gen2_0 [altera_nios2_gen2 20.1]
Progress: Parameterizing module nios2_gen2_0
Progress: Adding onchip_memory2_0 [altera_avalon_onchip_memory2 20.1]
Progress: Parameterizing module onchip_memory2_0
Progress: Building connections
Progress: Parameterizing connections
Progress: Validating
Progress: Done reading input file
Info: system.jtag_uart_0: JTAG UART IP input clock need to be at least double (2x) the operating frequency of JTAG TCK on board
Info: system: Generating system "system" for QUARTUS_SYNTH
Info: jtag_uart_0: Starting RTL generation for module 'system_jtag_uart_0'
Info: jtag_uart_0:   Generation command is [exec /opt/intelFPGA_lite/20.1/quartus/linux64/perl/bin/perl -I /opt/intelFPGA_lite/20.1/quartus/linux64/perl/lib -I /opt/intelFPGA_lite/20.1/quartus/sopc_builder/bin/europa -I /opt/intelFPGA_lite/20.1/quartus/sopc_builder/bin -I /opt/intelFPGA_lite/20.1/quartus/../ip/altera/sopc_builder_ip/common -I /opt/intelFPGA_lite/20.1/quartus/../ip/altera/sopc_builder_ip/altera_avalon_jtag_uart -- /opt/intelFPGA_lite/20.1/quartus/../ip/altera/sopc_builder_ip/altera_avalon_jtag_uart/generate_rtl.pl --name=system_jtag_uart_0 --dir=/tmp/alt0171_5369480703444887335.dir/0003_jtag_uart_0_gen/ --quartus_dir=/opt/intelFPGA_lite/20.1/quartus --verilog --config=/tmp/alt0171_5369480703444887335.dir/0003_jtag_uart_0_gen//system_jtag_uart_0_component_configuration.pl  --do_build_sim=0  ]
Info: jtag_uart_0: Done RTL generation for module 'system_jtag_uart_0'
Info: jtag_uart_0: "system" instantiated altera_avalon_jtag_uart "jtag_uart_0"
Info: klein64_0: "system" instantiated klein64 "klein64_0"
Info: nios2_gen2_0: "system" instantiated altera_nios2_gen2 "nios2_gen2_0"
Info: onchip_memory2_0: Starting RTL generation for module 'system_onchip_memory2_0'
Info: onchip_memory2_0:   Generation command is [exec /opt/intelFPGA_lite/20.1/quartus/linux64/perl/bin/perl -I /opt/intelFPGA_lite/20.1/quartus/linux64/perl/lib -I /opt/intelFPGA_lite/20.1/quartus/sopc_builder/bin/europa -I /opt/intelFPGA_lite/20.1/quartus/sopc_builder/bin -I /opt/intelFPGA_lite/20.1/quartus/../ip/altera/sopc_builder_ip/common -I /opt/intelFPGA_lite/20.1/quartus/../ip/altera/sopc_builder_ip/altera_avalon_onchip_memory2 -- /opt/intelFPGA_lite/20.1/quartus/../ip/altera/sopc_builder_ip/altera_avalon_onchip_memory2/generate_rtl.pl --name=system_onchip_memory2_0 --dir=/tmp/alt0171_5369480703444887335.dir/0005_onchip_memory2_0_gen/ --quartus_dir=/opt/intelFPGA_lite/20.1/quartus --verilog --config=/tmp/alt0171_5369480703444887335.dir/0005_onchip_memory2_0_gen//system_onchip_memory2_0_component_configuration.pl  --do_build_sim=0  ]
Info: onchip_memory2_0: Done RTL generation for module 'system_onchip_memory2_0'
Info: onchip_memory2_0: "system" instantiated altera_avalon_onchip_memory2 "onchip_memory2_0"
Info: avalon_st_adapter: Inserting error_adapter: error_adapter_0
Info: avalon_st_adapter_001: Inserting error_adapter: error_adapter_0
Info: avalon_st_adapter_002: Inserting error_adapter: error_adapter_0
Info: avalon_st_adapter_003: Inserting error_adapter: error_adapter_0
Info: mm_interconnect_0: "system" instantiated altera_mm_interconnect "mm_interconnect_0"
Info: irq_mapper: "system" instantiated altera_irq_mapper "irq_mapper"
Info: rst_controller: "system" instantiated altera_reset_controller "rst_controller"
Info: cpu: Starting RTL generation for module 'system_nios2_gen2_0_cpu'
Info: cpu:   Generation command is [exec /opt/intelFPGA_lite/20.1/quartus/linux64//perl/bin/perl -I /opt/intelFPGA_lite/20.1/quartus/linux64//perl/lib -I /opt/intelFPGA_lite/20.1/quartus/sopc_builder/bin/europa -I /opt/intelFPGA_lite/20.1/quartus/sopc_builder/bin -I /opt/intelFPGA_lite/20.1/quartus/../ip/altera/nios2_ip/altera_nios2_gen2/cpu_lib -I /opt/intelFPGA_lite/20.1/quartus/../ip/altera/nios2_ip/altera_nios2_gen2/nios_lib -I /opt/intelFPGA_lite/20.1/quartus/../ip/altera/nios2_ip/altera_nios2_gen2 -I /opt/intelFPGA_lite/20.1/quartus/../ip/altera/nios2_ip/altera_nios2_gen2 -- /opt/intelFPGA_lite/20.1/quartus/../ip/altera/nios2_ip/altera_nios2_gen2/generate_rtl.pl --name=system_nios2_gen2_0_cpu --dir=/tmp/alt0171_5369480703444887335.dir/0008_cpu_gen/ --quartus_bindir=/opt/intelFPGA_lite/20.1/quartus/linux64/ --verilog --config=/tmp/alt0171_5369480703444887335.dir/0008_cpu_gen//system_nios2_gen2_0_cpu_processor_configuration.pl  --do_build_sim=0  ]
Info: cpu: # 2025.03.24 21:04:32 (*) Starting Nios II generation
Info: cpu: # 2025.03.24 21:04:32 (*)   Elaborating CPU configuration settings
Info: cpu: # 2025.03.24 21:04:32 (*)   Creating all objects for CPU
Info: cpu: # 2025.03.24 21:04:33 (*)   Generating RTL from CPU objects
Info: cpu: # 2025.03.24 21:04:33 (*)   Creating plain-text RTL
Info: cpu: # 2025.03.24 21:04:33 (*) Done Nios II generation
Info: cpu: Done RTL generation for module 'system_nios2_gen2_0_cpu'
Info: cpu: "nios2_gen2_0" instantiated altera_nios2_gen2_unit "cpu"
Info: nios2_gen2_0_data_master_translator: "mm_interconnect_0" instantiated altera_merlin_master_translator "nios2_gen2_0_data_master_translator"
Info: jtag_uart_0_avalon_jtag_slave_translator: "mm_interconnect_0" instantiated altera_merlin_slave_translator "jtag_uart_0_avalon_jtag_slave_translator"
Info: nios2_gen2_0_data_master_agent: "mm_interconnect_0" instantiated altera_merlin_master_agent "nios2_gen2_0_data_master_agent"
Info: jtag_uart_0_avalon_jtag_slave_agent: "mm_interconnect_0" instantiated altera_merlin_slave_agent "jtag_uart_0_avalon_jtag_slave_agent"
Info: jtag_uart_0_avalon_jtag_slave_agent_rsp_fifo: "mm_interconnect_0" instantiated altera_avalon_sc_fifo "jtag_uart_0_avalon_jtag_slave_agent_rsp_fifo"
Info: router: "mm_interconnect_0" instantiated altera_merlin_router "router"
Info: router_001: "mm_interconnect_0" instantiated altera_merlin_router "router_001"
Info: router_002: "mm_interconnect_0" instantiated altera_merlin_router "router_002"
Info: router_003: "mm_interconnect_0" instantiated altera_merlin_router "router_003"
Info: cmd_demux: "mm_interconnect_0" instantiated altera_merlin_demultiplexer "cmd_demux"
Info: cmd_demux_001: "mm_interconnect_0" instantiated altera_merlin_demultiplexer "cmd_demux_001"
Info: cmd_mux: "mm_interconnect_0" instantiated altera_merlin_multiplexer "cmd_mux"
Info: cmd_mux_001: "mm_interconnect_0" instantiated altera_merlin_multiplexer "cmd_mux_001"
Info: Reusing file /home/thh/test_quartus/Proj_SoPC/system/synthesis/submodules/altera_merlin_arbitrator.sv
Info: rsp_demux: "mm_interconnect_0" instantiated altera_merlin_demultiplexer "rsp_demux"
Info: rsp_demux_001: "mm_interconnect_0" instantiated altera_merlin_demultiplexer "rsp_demux_001"
Info: rsp_mux: "mm_interconnect_0" instantiated altera_merlin_multiplexer "rsp_mux"
Info: Reusing file /home/thh/test_quartus/Proj_SoPC/system/synthesis/submodules/altera_merlin_arbitrator.sv
Info: rsp_mux_001: "mm_interconnect_0" instantiated altera_merlin_multiplexer "rsp_mux_001"
Info: Reusing file /home/thh/test_quartus/Proj_SoPC/system/synthesis/submodules/altera_merlin_arbitrator.sv
Info: avalon_st_adapter: "mm_interconnect_0" instantiated altera_avalon_st_adapter "avalon_st_adapter"
Info: error_adapter_0: "avalon_st_adapter" instantiated error_adapter "error_adapter_0"
Info: system: Done "system" with 28 modules, 47 files
Info: qsys-generate succeeded.
Info: Finished: Create HDL design files for synthesis
